#
# A fatal error has been detected by the Java Runtime Environment:
#
#  EXCEPTION_ACCESS_VIOLATION (0xc0000005) at pc=0x0000000057f90fcb, pid=5060, tid=2700
#
# JRE version: Java(TM) SE Runtime Environment (8.0-b132) (build 1.8.0-b132)
# Java VM: Java HotSpot(TM) 64-Bit Server VM (25.0-b70 mixed mode windows-amd64 compressed oops)
# Problematic frame:
# V  [jvm.dll+0x100fcb]
#
# Failed to write core dump. Minidumps are not enabled by default on client versions of Windows
#
# If you would like to submit a bug report, please visit:
#   http://bugreport.sun.com/bugreport/crash.jsp
#

---------------  T H R E A D  ---------------

Current thread (0x00000000023d8000):  GCTaskThread [stack: 0x0000000011c00000,0x0000000011d00000] [id=2700]

siginfo: ExceptionCode=0xc0000005, reading address 0x0000000000000008

Registers:
RAX=0x0000000011e00000, RBX=0x00000000c06abe80, RCX=0x0000000000000003, RDX=0x0000000000000001
RSP=0x0000000011cff5f0, RBP=0x00000000c5560fd8, RSI=0x0000000000000004, RDI=0x00000000148c6c10
R8 =0x0000000000000000, R9 =0x0000000000000004, R10=0x000000000000000c, R11=0x0000000000000839
R12=0x00000000c5560ff4, R13=0x0000000100203488, R14=0x0000000100203490, R15=0x00000000c5560fc0
RIP=0x0000000057f90fcb, EFLAGS=0x0000000000010246

Top of Stack: (sp=0x0000000011cff5f0)
0x0000000011cff5f0:   00000000c5560ff8 00000000c5560fd0
0x0000000011cff600:   0000000000000004 00000000148c6c10
0x0000000011cff610:   0000000000000000 00000000023d8330
0x0000000011cff620:   00000000023d6490 00000000c3068870
0x0000000011cff630:   0000000000000839 0000000058257940
0x0000000011cff640:   0000000014d60208 0000000000000400
0x0000000011cff650:   00000000148c6c10 0000000058498270
0x0000000011cff660:   000034fd00000758 000034fe00000758
0x0000000011cff670:   0000000100001ef8 00000000c3068870
0x0000000011cff680:   0000000000000400 0000000057f88cd2
0x0000000011cff690:   00000000c03169d0 00000000148c6c10
0x0000000011cff6a0:   00000000c03169d0 00000000023d6490
0x0000000011cff6b0:   00000000023d8340 00000000023d8330
0x0000000011cff6c0:   0000000058498270 0000000000000000
0x0000000011cff6d0:   0000000017b4a010 0000000000000000
0x0000000011cff6e0:   00000000148c6c10 000000005825539f 

Instructions: (pc=0x0000000057f90fcb)
0x0000000057f90fab:   6a 00 84 d2 74 16 44 8b 43 08 8b 0d 9d 22 64 00
0x0000000057f90fbb:   49 d3 e0 4c 03 05 8b 22 64 00 eb 04 4c 8b 43 08
0x0000000057f90fcb:   45 8b 48 08 45 85 c9 7e 0c 41 f6 c1 01 75 4b 41
0x0000000057f90fdb:   c1 f9 03 eb 57 79 43 84 d2 41 8b c9 b8 10 00 00 


Register to memory mapping:

RAX=0x0000000011e00000 is an unknown value
RBX=0x00000000c06abe80 is pointing into object: 0x00000000c06abe60
java.lang.reflect.Field 
 - klass: 'java/lang/reflect/Field'
RCX=0x0000000000000003 is an unknown value
RDX=0x0000000000000001 is an unknown value
RSP=0x0000000011cff5f0 is an unknown value
RBP=0x00000000c5560fd8 is pointing into object: 0x00000000c5560fc0
java.beans.MethodDescriptor 
 - klass: 'java/beans/MethodDescriptor'
RSI=0x0000000000000004 is an unknown value
RDI=0x00000000148c6c10 is an unknown value
R8 =0x0000000000000000 is an unknown value
R9 =0x0000000000000004 is an unknown value
R10=0x000000000000000c is an unknown value
R11=0x0000000000000839 is an unknown value
R12=0x00000000c5560ff4 is pointing into object: 0x00000000c5560fc0
java.beans.MethodDescriptor 
 - klass: 'java/beans/MethodDescriptor'
R13=0x0000000100203488 is an unknown value
R14=0x0000000100203490 is an unknown value
R15=0x00000000c5560fc0 is an oop
java.beans.MethodDescriptor 
 - klass: 'java/beans/MethodDescriptor'


Stack: [0x0000000011c00000,0x0000000011d00000],  sp=0x0000000011cff5f0,  free space=1021k
Native frames: (J=compiled Java code, j=interpreted, Vv=VM code, C=native code)
V  [jvm.dll+0x100fcb]
V  [jvm.dll+0x3c7940]
V  [jvm.dll+0x3c539f]
V  [jvm.dll+0x3c255e]
V  [jvm.dll+0x27baea]
C  [msvcr100.dll+0x21d9f]
C  [msvcr100.dll+0x21e3b]
C  [KERNEL32.DLL+0x1842]
C  [ntdll.dll+0x1c3f1]


---------------  P R O C E S S  ---------------

Java Threads: ( => current thread )
  0x00000000191fa800 JavaThread "Stdin handler" [_thread_blocked, id=8184, stack(0x0000000018410000,0x0000000018510000)]
  0x00000000191f9000 JavaThread "Daemon worker Thread 5" [_thread_blocked, id=7976, stack(0x0000000018310000,0x0000000018410000)]
  0x00000000191fc000 JavaThread "Cancel handler" [_thread_blocked, id=4064, stack(0x0000000018210000,0x0000000018310000)]
  0x00000000191f9800 JavaThread "Handler for socket connection from /127.0.0.1:57634 to /127.0.0.1:61971" [_thread_in_native, id=6260, stack(0x0000000016db0000,0x0000000016eb0000)]
  0x00000000191fe000 JavaThread "Daemon Thread 5" [_thread_blocked, id=8188, stack(0x0000000016cb0000,0x0000000016db0000)]
  0x000000001938f800 JavaThread "File lock request listener" [_thread_in_native, id=8108, stack(0x0000000019ce0000,0x0000000019de0000)]
  0x0000000016962000 JavaThread "Incoming local TCP Connector on port 57634" [_thread_in_native, id=9020, stack(0x0000000016f40000,0x0000000017040000)]
  0x00000000149d7800 JavaThread "Service Thread" daemon [_thread_blocked, id=8024, stack(0x0000000015ac0000,0x0000000015bc0000)]
  0x000000001497d000 JavaThread "C1 CompilerThread1" daemon [_thread_blocked, id=8128, stack(0x00000000159c0000,0x0000000015ac0000)]
  0x000000001497a800 JavaThread "C2 CompilerThread0" daemon [_thread_blocked, id=7368, stack(0x00000000158c0000,0x00000000159c0000)]
  0x0000000014978800 JavaThread "Attach Listener" daemon [_thread_blocked, id=5200, stack(0x00000000157c0000,0x00000000158c0000)]
  0x0000000014977000 JavaThread "Signal Dispatcher" daemon [_thread_blocked, id=7912, stack(0x00000000156c0000,0x00000000157c0000)]
  0x0000000014934800 JavaThread "Finalizer" daemon [_thread_blocked, id=6860, stack(0x00000000155b0000,0x00000000156b0000)]
  0x0000000014931000 JavaThread "Reference Handler" daemon [_thread_blocked, id=6856, stack(0x00000000154b0000,0x00000000155b0000)]
  0x00000000023c2800 JavaThread "main" [_thread_blocked, id=5372, stack(0x0000000001fe0000,0x00000000020e0000)]

Other Threads:
  0x000000001492c000 VMThread [stack: 0x00000000153b0000,0x00000000154b0000] [id=8692]
  0x00000000149f9000 WatcherThread [stack: 0x0000000015bc0000,0x0000000015cc0000] [id=1476]

=>0x00000000023d8000 (exited) GCTaskThread [stack: 0x0000000011c00000,0x0000000011d00000] [id=2700]

VM state:at safepoint (normal execution)

VM Mutex/Monitor currently owned by a thread:  ([mutex/lock_event])
[0x0000000001fdd6c0] Threads_lock - owner thread: 0x000000001492c000
[0x0000000001fdd1c0] Heap_lock - owner thread: 0x00000000191f9000

Heap:
 PSYoungGen      total 168960K, used 123904K [0x00000000eab00000, 0x00000000f8680000, 0x0000000100000000)
  eden space 123904K, 100% used [0x00000000eab00000,0x00000000f2400000,0x00000000f2400000)
  from space 45056K, 0% used [0x00000000f2400000,0x00000000f2400000,0x00000000f5000000)
  to   space 48640K, 0% used [0x00000000f5700000,0x00000000f5700000,0x00000000f8680000)
 ParOldGen       total 102912K, used 100193K [0x00000000c0000000, 0x00000000c6480000, 0x00000000eab00000)
  object space 102912K, 97% used [0x00000000c0000000,0x00000000c61d8530,0x00000000c6480000)
 Metaspace       used 92924K, capacity 97774K, committed 98432K, reserved 1132544K
  class space    used 12769K, capacity 14505K, committed 14720K, reserved 1048576K

Card table byte_map: [0x0000000011890000,0x0000000011aa0000] byte_map_base: 0x0000000011290000

Marking Bits: (ParMarkBitMap*) 0x00000000586413b0
 Begin Bits: [0x0000000011e00000, 0x0000000012e00000)
 End Bits:   [0x0000000012e00000, 0x0000000013e00000)

Polling page: 0x0000000001fb0000

CodeCache: size=245760Kb used=33349Kb max_used=35390Kb free=212410Kb
 bounds [0x00000000024d0000, 0x00000000047b0000, 0x00000000114d0000]
 total_blobs=10085 nmethods=9346 adapters=650
 compilation: enabled

Compilation events (10 events):
Event: 3066.952 Thread 0x000000001497d000 11732       3       org.codehaus.groovy.antlr.parser.GroovyRecognizer::pathElement (1337 bytes)
Event: 3067.002 Thread 0x000000001497d000 nmethod 11732 0x0000000002c12bd0 code [0x0000000002c131a0, 0x0000000002c16f08]
Event: 3067.043 Thread 0x000000001497d000 11739       3       org.codehaus.groovy.classgen.VariableScopeVisitor::visitMethodCallExpression (157 bytes)
Event: 3067.045 Thread 0x000000001497d000 nmethod 11739 0x00000000030cd710 code [0x00000000030cda20, 0x00000000030cf278]
Event: 3068.782 Thread 0x000000001497d000 11740       3       org.codehaus.groovy.control.ResolveVisitor::transformVariableExpression (208 bytes)
Event: 3068.782 Thread 0x000000001497a800 11741       4       org.codehaus.groovy.control.ResolveVisitor::visitAnnotations (270 bytes)
Event: 3068.786 Thread 0x000000001497d000 nmethod 11740 0x0000000003182110 code [0x0000000003182500, 0x0000000003184568]
Event: 3068.786 Thread 0x000000001497d000 11742       3       org.codehaus.groovy.ast.expr.MethodCallExpression::setGenericsTypes (26 bytes)
Event: 3068.786 Thread 0x000000001497d000 nmethod 11742 0x000000000344c2d0 code [0x000000000344c420, 0x000000000344c630]
Event: 3068.811 Thread 0x000000001497a800 nmethod 11741 0x0000000003731f50 code [0x0000000003732240, 0x0000000003732e90]

GC Heap History (10 events):
Event: 2074.880 GC heap after
Heap after GC invocations=69 (full 11):
 PSYoungGen      total 163328K, used 16697K [0x00000000eab00000, 0x00000000f7580000, 0x0000000100000000)
  eden space 119296K, 0% used [0x00000000eab00000,0x00000000eab00000,0x00000000f1f80000)
  from space 44032K, 37% used [0x00000000f4a80000,0x00000000f5ace6d0,0x00000000f7580000)
  to   space 44032K, 0% used [0x00000000f1f80000,0x00000000f1f80000,0x00000000f4a80000)
 ParOldGen       total 102912K, used 80659K [0x00000000c0000000, 0x00000000c6480000, 0x00000000eab00000)
  object space 102912K, 78% used [0x00000000c0000000,0x00000000c4ec4ff8,0x00000000c6480000)
 Metaspace       used 82671K, capacity 86732K, committed 87424K, reserved 1124352K
  class space    used 11265K, capacity 12740K, committed 12928K, reserved 1048576K
}
Event: 2780.094 GC heap before
{Heap before GC invocations=70 (full 11):
 PSYoungGen      total 163328K, used 135775K [0x00000000eab00000, 0x00000000f7580000, 0x0000000100000000)
  eden space 119296K, 99% used [0x00000000eab00000,0x00000000f1f49628,0x00000000f1f80000)
  from space 44032K, 37% used [0x00000000f4a80000,0x00000000f5ace6d0,0x00000000f7580000)
  to   space 44032K, 0% used [0x00000000f1f80000,0x00000000f1f80000,0x00000000f4a80000)
 ParOldGen       total 102912K, used 80659K [0x00000000c0000000, 0x00000000c6480000, 0x00000000eab00000)
  object space 102912K, 78% used [0x00000000c0000000,0x00000000c4ec4ff8,0x00000000c6480000)
 Metaspace       used 84783K, capacity 89356K, committed 89728K, reserved 1126400K
  class space    used 11632K, capacity 13310K, committed 13440K, reserved 1048576K
Event: 2780.277 GC heap after
Heap after GC invocations=70 (full 11):
 PSYoungGen      total 163328K, used 19452K [0x00000000eab00000, 0x00000000f7880000, 0x0000000100000000)
  eden space 119296K, 0% used [0x00000000eab00000,0x00000000eab00000,0x00000000f1f80000)
  from space 44032K, 44% used [0x00000000f1f80000,0x00000000f327f348,0x00000000f4a80000)
  to   space 41472K, 0% used [0x00000000f5000000,0x00000000f5000000,0x00000000f7880000)
 ParOldGen       total 102912K, used 80667K [0x00000000c0000000, 0x00000000c6480000, 0x00000000eab00000)
  object space 102912K, 78% used [0x00000000c0000000,0x00000000c4ec6ff8,0x00000000c6480000)
 Metaspace       used 84783K, capacity 89356K, committed 89728K, reserved 1126400K
  class space    used 11632K, capacity 13310K, committed 13440K, reserved 1048576K
}
Event: 2784.323 GC heap before
{Heap before GC invocations=71 (full 11):
 PSYoungGen      total 163328K, used 138748K [0x00000000eab00000, 0x00000000f7880000, 0x0000000100000000)
  eden space 119296K, 100% used [0x00000000eab00000,0x00000000f1f80000,0x00000000f1f80000)
  from space 44032K, 44% used [0x00000000f1f80000,0x00000000f327f348,0x00000000f4a80000)
  to   space 41472K, 0% used [0x00000000f5000000,0x00000000f5000000,0x00000000f7880000)
 ParOldGen       total 102912K, used 80667K [0x00000000c0000000, 0x00000000c6480000, 0x00000000eab00000)
  object space 102912K, 78% used [0x00000000c0000000,0x00000000c4ec6ff8,0x00000000c6480000)
 Metaspace       used 91157K, capacity 96150K, committed 96384K, reserved 1130496K
  class space    used 12550K, capacity 14349K, committed 14464K, reserved 1048576K
Event: 2784.457 GC heap after
Heap after GC invocations=71 (full 11):
 PSYoungGen      total 165376K, used 35545K [0x00000000eab00000, 0x00000000f7f80000, 0x0000000100000000)
  eden space 123904K, 0% used [0x00000000eab00000,0x00000000eab00000,0x00000000f2400000)
  from space 41472K, 85% used [0x00000000f5000000,0x00000000f72b66b0,0x00000000f7880000)
  to   space 45056K, 0% used [0x00000000f2400000,0x00000000f2400000,0x00000000f5000000)
 ParOldGen       total 102912K, used 80667K [0x00000000c0000000, 0x00000000c6480000, 0x00000000eab00000)
  object space 102912K, 78% used [0x00000000c0000000,0x00000000c4ec6ff8,0x00000000c6480000)
 Metaspace       used 91157K, capacity 96150K, committed 96384K, reserved 1130496K
  class space    used 12550K, capacity 14349K, committed 14464K, reserved 1048576K
}
Event: 2808.912 GC heap before
{Heap before GC invocations=72 (full 11):
 PSYoungGen      total 165376K, used 117660K [0x00000000eab00000, 0x00000000f7f80000, 0x0000000100000000)
  eden space 123904K, 66% used [0x00000000eab00000,0x00000000efb30960,0x00000000f2400000)
  from space 41472K, 85% used [0x00000000f5000000,0x00000000f72b66b0,0x00000000f7880000)
  to   space 45056K, 0% used [0x00000000f2400000,0x00000000f2400000,0x00000000f5000000)
 ParOldGen       total 102912K, used 80667K [0x00000000c0000000, 0x00000000c6480000, 0x00000000eab00000)
  object space 102912K, 78% used [0x00000000c0000000,0x00000000c4ec6ff8,0x00000000c6480000)
 Metaspace       used 93121K, capacity 98160K, committed 98432K, reserved 1132544K
  class space    used 12867K, capacity 14680K, committed 14720K, reserved 1048576K
Event: 2809.068 GC heap after
Heap after GC invocations=72 (full 11):
 PSYoungGen      total 168960K, used 37259K [0x00000000eab00000, 0x00000000f8680000, 0x0000000100000000)
  eden space 123904K, 0% used [0x00000000eab00000,0x00000000eab00000,0x00000000f2400000)
  from space 45056K, 82% used [0x00000000f2400000,0x00000000f4862e30,0x00000000f5000000)
  to   space 48640K, 0% used [0x00000000f5700000,0x00000000f5700000,0x00000000f8680000)
 ParOldGen       total 102912K, used 80675K [0x00000000c0000000, 0x00000000c6480000, 0x00000000eab00000)
  object space 102912K, 78% used [0x00000000c0000000,0x00000000c4ec8ff8,0x00000000c6480000)
 Metaspace       used 93121K, capacity 98160K, committed 98432K, reserved 1132544K
  class space    used 12867K, capacity 14680K, committed 14720K, reserved 1048576K
}
Event: 2809.069 GC heap before
{Heap before GC invocations=73 (full 12):
 PSYoungGen      total 168960K, used 37259K [0x00000000eab00000, 0x00000000f8680000, 0x0000000100000000)
  eden space 123904K, 0% used [0x00000000eab00000,0x00000000eab00000,0x00000000f2400000)
  from space 45056K, 82% used [0x00000000f2400000,0x00000000f4862e30,0x00000000f5000000)
  to   space 48640K, 0% used [0x00000000f5700000,0x00000000f5700000,0x00000000f8680000)
 ParOldGen       total 102912K, used 80675K [0x00000000c0000000, 0x00000000c6480000, 0x00000000eab00000)
  object space 102912K, 78% used [0x00000000c0000000,0x00000000c4ec8ff8,0x00000000c6480000)
 Metaspace       used 93121K, capacity 98160K, committed 98432K, reserved 1132544K
  class space    used 12867K, capacity 14680K, committed 14720K, reserved 1048576K
Event: 2810.775 GC heap after
Heap after GC invocations=73 (full 12):
 PSYoungGen      total 168960K, used 0K [0x00000000eab00000, 0x00000000f8680000, 0x0000000100000000)
  eden space 123904K, 0% used [0x00000000eab00000,0x00000000eab00000,0x00000000f2400000)
  from space 45056K, 0% used [0x00000000f2400000,0x00000000f2400000,0x00000000f5000000)
  to   space 48640K, 0% used [0x00000000f5700000,0x00000000f5700000,0x00000000f8680000)
 ParOldGen       total 102912K, used 100193K [0x00000000c0000000, 0x00000000c6480000, 0x00000000eab00000)
  object space 102912K, 97% used [0x00000000c0000000,0x00000000c61d8530,0x00000000c6480000)
 Metaspace       used 92809K, capacity 97452K, committed 98432K, reserved 1132544K
  class space    used 12753K, capacity 14432K, committed 14720K, reserved 1048576K
}
Event: 3068.859 GC heap before
{Heap before GC invocations=74 (full 13):
 PSYoungGen      total 168960K, used 123904K [0x00000000eab00000, 0x00000000f8680000, 0x0000000100000000)
  eden space 123904K, 100% used [0x00000000eab00000,0x00000000f2400000,0x00000000f2400000)
  from space 45056K, 0% used [0x00000000f2400000,0x00000000f2400000,0x00000000f5000000)
  to   space 48640K, 0% used [0x00000000f5700000,0x00000000f5700000,0x00000000f8680000)
 ParOldGen       total 102912K, used 100193K [0x00000000c0000000, 0x00000000c6480000, 0x00000000eab00000)
  object space 102912K, 97% used [0x00000000c0000000,0x00000000c61d8530,0x00000000c6480000)
 Metaspace       used 92924K, capacity 97774K, committed 98432K, reserved 1132544K
  class space    used 12769K, capacity 14505K, committed 14720K, reserved 1048576K

Deoptimization events (10 events):
Event: 2787.241 Thread 0x00000000191fb000 Uncommon trap: reason=class_check action=maybe_recompile pc=0x00000000039e4234 method=com.sun.tools.javac.jvm.ClassWriter.writeJavaAnnotations(Lcom/sun/tools/javac/util/List;)I @ 1
Event: 2787.454 Thread 0x00000000191fb000 Uncommon trap: reason=class_check action=maybe_recompile pc=0x000000000398ca3c method=com.sun.tools.javac.jvm.ClassWriter.writeJavaAnnotations(Lcom/sun/tools/javac/util/List;)I @ 1
Event: 2787.487 Thread 0x00000000191fb000 Uncommon trap: reason=class_check action=maybe_recompile pc=0x0000000003965a8c method=com.sun.tools.javac.code.Types.isAssignable(Lcom/sun/tools/javac/code/Type;Lcom/sun/tools/javac/code/Type;Lcom/sun/tools/javac/util/Warner;)Z @ 26
Event: 2787.898 Thread 0x00000000191fb000 Uncommon trap: reason=unreached action=reinterpret pc=0x00000000046482c4 method=org.codehaus.groovy.runtime.metaclass.MetaMethodIndex.getMethods(Ljava/lang/Class;Ljava/lang/String;)Lorg/codehaus/groovy/runtime/metaclass/MetaMethodIndex$Entry; @ 61
Event: 2787.946 Thread 0x00000000191fc000 Uncommon trap: reason=unreached action=reinterpret pc=0x00000000045937f4 method=java.lang.ThreadLocal.get()Ljava/lang/Object; @ 11
Event: 2787.992 Thread 0x00000000191fc000 Uncommon trap: reason=unreached action=reinterpret pc=0x0000000003d00ddc method=groovy.lang.MetaClassImpl.findPropertyMethod(Ljava/lang/Object;ZZ)Lgroovy/lang/MetaMethod; @ 95
Event: 2806.441 Thread 0x00000000191fb000 Uncommon trap: reason=bimorphic action=maybe_recompile pc=0x00000000031f6cd0 method=java.util.Hashtable.addEntry(ILjava/lang/Object;Ljava/lang/Object;I)V @ 38
Event: 2806.442 Thread 0x00000000191fb000 Uncommon trap: reason=bimorphic action=maybe_recompile pc=0x00000000031f8e40 method=java.util.Hashtable.addEntry(ILjava/lang/Object;Ljava/lang/Object;I)V @ 38
Event: 2808.093 Thread 0x00000000191fb000 Uncommon trap: reason=unreached action=reinterpret pc=0x0000000002e7e520 method=org.codehaus.groovy.util.LazyReference.get()Ljava/lang/Object; @ 33
Event: 3067.052 Thread 0x00000000191f9000 Uncommon trap: reason=null_check action=make_not_entrant pc=0x000000000312637c method=org.codehaus.groovy.ast.ClassHelper.makeCached(Ljava/lang/Class;)Lorg/codehaus/groovy/ast/ClassNode; @ 19

Internal exceptions (10 events):
Event: 3068.857 Thread 0x00000000191f9000 Exception <a 'java/security/PrivilegedActionException'> (0x00000000f23dc0f8) thrown at [D:\re\workspace\8-2-build-windows-amd64-cygwin\jdk8\2238\hotspot\src\share\vm\prims\jvm.cpp, line 1248]
Event: 3068.857 Thread 0x00000000191f9000 Exception <a 'java/security/PrivilegedActionException'> (0x00000000f23f07a8) thrown at [D:\re\workspace\8-2-build-windows-amd64-cygwin\jdk8\2238\hotspot\src\share\vm\prims\jvm.cpp, line 1248]
Event: 3068.857 Thread 0x00000000191f9000 Exception <a 'java/security/PrivilegedActionException'> (0x00000000f23f2408) thrown at [D:\re\workspace\8-2-build-windows-amd64-cygwin\jdk8\2238\hotspot\src\share\vm\prims\jvm.cpp, line 1248]
Event: 3068.858 Thread 0x00000000191f9000 Exception <a 'java/security/PrivilegedActionException'> (0x00000000f23f40d0) thrown at [D:\re\workspace\8-2-build-windows-amd64-cygwin\jdk8\2238\hotspot\src\share\vm\prims\jvm.cpp, line 1248]
Event: 3068.858 Thread 0x00000000191f9000 Exception <a 'java/security/PrivilegedActionException'> (0x00000000f23f5d98) thrown at [D:\re\workspace\8-2-build-windows-amd64-cygwin\jdk8\2238\hotspot\src\share\vm\prims\jvm.cpp, line 1248]
Event: 3068.858 Thread 0x00000000191f9000 Exception <a 'java/security/PrivilegedActionException'> (0x00000000f23f7a68) thrown at [D:\re\workspace\8-2-build-windows-amd64-cygwin\jdk8\2238\hotspot\src\share\vm\prims\jvm.cpp, line 1248]
Event: 3068.858 Thread 0x00000000191f9000 Exception <a 'java/security/PrivilegedActionException'> (0x00000000f23f9738) thrown at [D:\re\workspace\8-2-build-windows-amd64-cygwin\jdk8\2238\hotspot\src\share\vm\prims\jvm.cpp, line 1248]
Event: 3068.858 Thread 0x00000000191f9000 Exception <a 'java/security/PrivilegedActionException'> (0x00000000f23fa8b0) thrown at [D:\re\workspace\8-2-build-windows-amd64-cygwin\jdk8\2238\hotspot\src\share\vm\prims\jvm.cpp, line 1248]
Event: 3068.858 Thread 0x00000000191f9000 Exception <a 'java/security/PrivilegedActionException'> (0x00000000f23fb9a0) thrown at [D:\re\workspace\8-2-build-windows-amd64-cygwin\jdk8\2238\hotspot\src\share\vm\prims\jvm.cpp, line 1248]
Event: 3068.858 Thread 0x00000000191f9000 Exception <a 'java/security/PrivilegedActionException'> (0x00000000f23fca90) thrown at [D:\re\workspace\8-2-build-windows-amd64-cygwin\jdk8\2238\hotspot\src\share\vm\prims\jvm.cpp, line 1248]

Events (10 events):
Event: 3066.297 loading class asLocalRepo7938448794817531598_1cojimrjkk27g04f9m73i856dCustomizer
Event: 3066.297 loading class asLocalRepo7938448794817531598_1cojimrjkk27g04f9m73i856dCustomizer done
Event: 3066.299 loading class asLocalRepo7938448794817531598_1cojimrjkk27g04f9m73i856d$_run_closure1
Event: 3066.299 loading class asLocalRepo7938448794817531598_1cojimrjkk27g04f9m73i856d$_run_closure1 done
Event: 3066.300 loading class groovy/runtime/metaclass/asLocalRepo7938448794817531598_1cojimrjkk27g04f9m73i856d$_run_closure1MetaClass
Event: 3066.300 loading class groovy/runtime/metaclass/asLocalRepo7938448794817531598_1cojimrjkk27g04f9m73i856d$_run_closure1MetaClass done
Event: 3067.052 Thread 0x00000000191f9000 Uncommon trap: trap_request=0xfffffff4 fr.pc=0x000000000312637c
Event: 3067.052 Thread 0x00000000191f9000 DEOPT PACKING pc=0x000000000312637c sp=0x000000001840d3e0
Event: 3067.052 Thread 0x00000000191f9000 DEOPT UNPACKING pc=0x00000000025173ef sp=0x000000001840d2e8 mode 2
Event: 3068.858 Executing VM operation: ParallelGCFailedAllocation


Dynamic libraries:
0x000007f642b80000 - 0x000007f642bb4000 	C:\Program Files\Java\jdk1.8.0\bin\java.exe
0x000007fa2e860000 - 0x000007fa2ea1e000 	C:\Windows\SYSTEM32\ntdll.dll
0x000007fa2ded0000 - 0x000007fa2e006000 	C:\Windows\system32\KERNEL32.DLL
0x000007fa2ba30000 - 0x000007fa2bb24000 	C:\Windows\system32\KERNELBASE.dll
0x000007fa2c8c0000 - 0x000007fa2c99e000 	C:\Windows\system32\ADVAPI32.dll
0x000007fa2c230000 - 0x000007fa2c37c000 	C:\Windows\system32\USER32.dll
0x000007fa294d0000 - 0x000007fa29739000 	C:\Windows\WinSxS\amd64_microsoft.windows.common-controls_6595b64144ccf1df_6.0.9200.16384_none_418c2a697189c07f\COMCTL32.dll
0x000007fa2e590000 - 0x000007fa2e635000 	C:\Windows\system32\msvcrt.dll
0x000007fa2e050000 - 0x000007fa2e098000 	C:\Windows\SYSTEM32\sechost.dll
0x000007fa2e240000 - 0x000007fa2e385000 	C:\Windows\system32\RPCRT4.dll
0x000007fa2c380000 - 0x000007fa2c4c1000 	C:\Windows\system32\GDI32.dll
0x000007fa2e010000 - 0x000007fa2e049000 	C:\Windows\system32\IMM32.DLL
0x000007fa2c9b0000 - 0x000007fa2cac4000 	C:\Windows\system32\MSCTF.dll
0x0000000057a10000 - 0x0000000057ae2000 	C:\Program Files\Java\jdk1.8.0\jre\bin\msvcr100.dll
0x0000000057e90000 - 0x00000000586ba000 	C:\Program Files\Java\jdk1.8.0\jre\bin\server\jvm.dll
0x000007fa27f40000 - 0x000007fa27f49000 	C:\Windows\SYSTEM32\WSOCK32.dll
0x000007fa24bf0000 - 0x000007fa24c10000 	C:\Windows\SYSTEM32\WINMM.dll
0x000007fa2e520000 - 0x000007fa2e527000 	C:\Windows\system32\PSAPI.DLL
0x000007fa2e530000 - 0x000007fa2e588000 	C:\Windows\system32\WS2_32.dll
0x000007fa24bb0000 - 0x000007fa24be2000 	C:\Windows\SYSTEM32\WINMMBASE.dll
0x000007fa2c8b0000 - 0x000007fa2c8b9000 	C:\Windows\system32\NSI.dll
0x0000000057e80000 - 0x0000000057e8f000 	C:\Program Files\Java\jdk1.8.0\jre\bin\verify.dll
0x0000000057e50000 - 0x0000000057e78000 	C:\Program Files\Java\jdk1.8.0\jre\bin\java.dll
0x0000000057e30000 - 0x0000000057e46000 	C:\Program Files\Java\jdk1.8.0\jre\bin\zip.dll
0x000007fa2cad0000 - 0x000007fa2ddb0000 	C:\Windows\system32\SHELL32.dll
0x000007fa2bcc0000 - 0x000007fa2be70000 	C:\Windows\SYSTEM32\combase.dll
0x000007fa2bfb0000 - 0x000007fa2c000000 	C:\Windows\system32\SHLWAPI.dll
0x000007fa29e80000 - 0x000007fa29f15000 	C:\Windows\SYSTEM32\SHCORE.dll
0x000007fa2b780000 - 0x000007fa2b795000 	C:\Windows\SYSTEM32\profapi.dll
0x0000000057c20000 - 0x0000000057c3a000 	C:\Program Files\Java\jdk1.8.0\jre\bin\net.dll
0x000007fa2b040000 - 0x000007fa2b09c000 	C:\Windows\system32\mswsock.dll
0x000007fa2b110000 - 0x000007fa2b12a000 	C:\Windows\SYSTEM32\CRYPTSP.dll
0x000007fa2ad20000 - 0x000007fa2ad69000 	C:\Windows\system32\rsaenh.dll
0x000007fa2ae20000 - 0x000007fa2ae3f000 	C:\Windows\SYSTEM32\USERENV.dll
0x000007fa2b190000 - 0x000007fa2b19a000 	C:\Windows\SYSTEM32\CRYPTBASE.dll
0x000007fa2b130000 - 0x000007fa2b18c000 	C:\Windows\SYSTEM32\bcryptPrimitives.dll
0x000007fa29a60000 - 0x000007fa29a74000 	C:\Windows\system32\napinsp.dll
0x000007fa28da0000 - 0x000007fa28db8000 	C:\Windows\system32\pnrpnsp.dll
0x000007fa281f0000 - 0x000007fa28206000 	C:\Windows\system32\NLAapi.dll
0x000007fa2ae80000 - 0x000007fa2af18000 	C:\Windows\SYSTEM32\DNSAPI.dll
0x000007fa28b00000 - 0x000007fa28b12000 	C:\Windows\System32\winrnr.dll
0x000007fa28ae0000 - 0x000007fa28af4000 	C:\Windows\system32\wshbth.dll
0x000007fa20310000 - 0x000007fa20318000 	C:\Windows\System32\rasadhlp.dll
0x000007fa27850000 - 0x000007fa2787c000 	C:\Windows\SYSTEM32\IPHLPAPI.DLL
0x000007fa27830000 - 0x000007fa2783a000 	C:\Windows\SYSTEM32\WINNSI.DLL
0x000007fa26f60000 - 0x000007fa26fc1000 	C:\Windows\System32\fwpuclnt.dll
0x0000000057c00000 - 0x0000000057c11000 	C:\Program Files\Java\jdk1.8.0\jre\bin\nio.dll
0x000007fa297c0000 - 0x000007fa297d2000 	C:\Users\MOBICASH\AppData\Local\Temp\native-platform3834449757899881079dir\native-platform.dll
0x000007fa277b0000 - 0x000007fa277c3000 	C:\Windows\SYSTEM32\dhcpcsvc6.DLL
0x000007fa27100000 - 0x000007fa27118000 	C:\Windows\SYSTEM32\dhcpcsvc.DLL
0x0000000057b20000 - 0x0000000057b44000 	C:\Program Files\Java\jdk1.8.0\jre\bin\sunec.dll
0x000007fa12f10000 - 0x000007fa13073000 	C:\Windows\SYSTEM32\dbghelp.dll

VM Arguments:
jvm_args: -XX:MaxPermSize=256m -XX:+HeapDumpOnOutOfMemoryError -Xmx1024m -Dfile.encoding=windows-1252 -Duser.country=US -Duser.language=en -Duser.variant 
java_command: org.gradle.launcher.daemon.bootstrap.GradleDaemon 2.2.1 C:\Users\MOBICASH\.gradle\daemon 10800000 5202a92b-7a0c-44e9-8425-169feb6610fe -XX:MaxPermSize=256m -XX:+HeapDumpOnOutOfMemoryError -Xmx1024m -Dfile.encoding=windows-1252 -Duser.country=US -Duser.language=en -Duser.variant
java_class_path (initial): C:\Users\MOBICASH\.gradle\wrapper\dists\gradle-2.2.1-all\c64ydeuardnfqctvr1gm30w53\gradle-2.2.1\lib\gradle-launcher-2.2.1.jar
Launcher Type: SUN_STANDARD

Environment Variables:
JAVA_HOME=C:\Program Files\Java\jdk1.8.0
JRE_HOME=C:\Program Files\Java\jre8
PATH=C:\Program Files (x86)\PC Connectivity Solution\;C:\Windows\system32;C:\Windows;C:\Windows\System32\Wbem;C:\Windows\System32\WindowsPowerShell\v1.0\;C:\Program Files (x86)\Microsoft SQL Server\100\Tools\Binn\;C:\Program Files\Microsoft SQL Server\100\Tools\Binn\;C:\Program Files\Microsoft SQL Server\100\DTS\Binn\;C:\Program Files\Java\jdk1.8.0\bin\;C:\sdk\platform-tools;C:\Program Files (x86)\Microsoft SQL Server\100\Tools\Binn\VSShell\Common7\IDE\;C:\Program Files (x86)\Microsoft SQL Server\100\DTS\Binn\;C:\Program Files (x86)\Skype\Phone\;C:\BC5\BIN;
USERNAME=MOBICASH
OS=Windows_NT
PROCESSOR_IDENTIFIER=Intel64 Family 6 Model 23 Stepping 10, GenuineIntel



---------------  S Y S T E M  ---------------

OS: Windows 8 , 64 bit Build 9200 

CPU:total 2 (2 cores per cpu, 1 threads per core) family 6 model 23 stepping 10, cmov, cx8, fxsr, mmx, sse, sse2, sse3, ssse3, sse4.1, tsc

Memory: 4k page, physical 4189100k(667348k free), swap 8383404k(3111132k free)

vm_info: Java HotSpot(TM) 64-Bit Server VM (25.0-b70) for windows-amd64 JRE (1.8.0-b132), built on Mar  4 2014 03:46:18 by "java_re" with MS VC++ 10.0 (VS2010)

time: Sat May 09 03:16:59 2015
elapsed time: 3070 seconds

